Started GET "/" for 127.0.0.1 at 2023-06-11 19:47:16 -0300
  [1m[36mActiveRecord::SchemaMigration Pluck (0.2ms)[0m  [1m[34mSELECT "schema_migrations"."version" FROM "schema_migrations" ORDER BY "schema_migrations"."version" ASC[0m
Processing by WelcomeController#index as HTML
  Rendering layout layouts/application.html.erb
  Rendering welcome/index.html.erb within layouts/application
  Rendered welcome/index.html.erb within layouts/application (Duration: 1.9ms | Allocations: 1737)
  Rendered layout layouts/application.html.erb (Duration: 681.1ms | Allocations: 115512)
Completed 200 OK in 695ms (Views: 686.4ms | ActiveRecord: 0.0ms | Allocations: 120623)


Started POST "/users" for 127.0.0.1 at 2023-06-11 19:57:29 -0300
Processing by Users::RegistrationsController#create as TURBO_STREAM
  Parameters: {"authenticity_token"=>"[FILTERED]"}
  Rendering layout layouts/application.html.erb
  Rendering users/registrations/new.html.erb within layouts/application
  Rendered users/registrations/_form.html.erb (Duration: 14.9ms | Allocations: 8636)
  Rendered users/shared/_regular.html.erb (Duration: 15.4ms | Allocations: 8939)
  Rendered users/shared/_links.html.erb (Duration: 2.1ms | Allocations: 1295)
  Rendered users/registrations/new.html.erb within layouts/application (Duration: 18.4ms | Allocations: 10761)
  Rendered layout layouts/application.html.erb (Duration: 25.2ms | Allocations: 14487)
Completed 422 Unprocessable Entity in 47ms (Views: 26.5ms | ActiveRecord: 0.5ms | Allocations: 26284)


Started POST "/users" for 127.0.0.1 at 2023-06-11 19:58:10 -0300
Processing by Users::RegistrationsController#create as TURBO_STREAM
  Parameters: {"authenticity_token"=>"[FILTERED]", "user"=>{"email"=>"name@example.com", "first_name"=>"John", "last_name"=>"Smith", "password"=>"[FILTERED]", "password_confirmation"=>"[FILTERED]"}, "commit"=>"Sign up"}
  [1m[36mTRANSACTION (0.0ms)[0m  [1m[36mbegin transaction[0m
  [1m[36mUser Exists? (0.6ms)[0m  [1m[34mSELECT 1 AS one FROM "users" WHERE "users"."email" = ? LIMIT ?[0m  [["email", "name@example.com"], ["LIMIT", 1]]
  [1m[36mUser Create (0.8ms)[0m  [1m[32mINSERT INTO "users" ("email", "encrypted_password", "reset_password_token", "reset_password_sent_at", "remember_created_at", "created_at", "updated_at", "first_name", "last_name") VALUES (?, ?, ?, ?, ?, ?, ?, ?, ?)[0m  [["email", "name@example.com"], ["encrypted_password", "[FILTERED]"], ["reset_password_token", "[FILTERED]"], ["reset_password_sent_at", "[FILTERED]"], ["remember_created_at", nil], ["created_at", "2023-06-11 22:58:11.169729"], ["updated_at", "2023-06-11 22:58:11.169729"], ["first_name", "John"], ["last_name", "Smith"]]
  [1m[36mTRANSACTION (0.7ms)[0m  [1m[36mcommit transaction[0m
Redirected to http://127.0.0.1:3000/
Completed 303 See Other in 859ms (ActiveRecord: 2.1ms | Allocations: 12269)


Started GET "/" for 127.0.0.1 at 2023-06-11 19:58:11 -0300
Processing by WelcomeController#index as TURBO_STREAM
  [1m[36mUser Load (0.1ms)[0m  [1m[34mSELECT "users".* FROM "users" WHERE "users"."id" = ? ORDER BY "users"."id" ASC LIMIT ?[0m  [["id", 3], ["LIMIT", 1]]
  ↳ app/controllers/welcome_controller.rb:3:in `index'
  [1m[36mPost Exists? (0.0ms)[0m  [1m[34mSELECT 1 AS one FROM "posts" WHERE "posts"."user_id" = ? LIMIT ?[0m  [["user_id", 3], ["LIMIT", 1]]
  ↳ app/controllers/welcome_controller.rb:4:in `index'
  Rendering layout layouts/application.html.erb
  Rendering welcome/index.html.erb within layouts/application
  Rendered welcome/index.html.erb within layouts/application (Duration: 0.3ms | Allocations: 413)
  Rendered layout layouts/application.html.erb (Duration: 2.9ms | Allocations: 4086)
Completed 200 OK in 18ms (Views: 3.2ms | ActiveRecord: 0.3ms | Allocations: 12437)


Started GET "/posts/new" for 127.0.0.1 at 2023-06-11 19:58:29 -0300
Processing by PostsController#new as HTML
  [1m[36mUser Load (0.1ms)[0m  [1m[34mSELECT "users".* FROM "users" WHERE "users"."id" = ? ORDER BY "users"."id" ASC LIMIT ?[0m  [["id", 3], ["LIMIT", 1]]
  Rendering layout layouts/application.html.erb
  Rendering posts/new.html.erb within layouts/application
  Rendered posts/_form.html.erb (Duration: 2.3ms | Allocations: 2264)
  [1m[36mPost Load (0.1ms)[0m  [1m[34mSELECT "posts".* FROM "posts"[0m
  ↳ app/views/posts/new.html.erb:18
  Rendered posts/new.html.erb within layouts/application (Duration: 3.5ms | Allocations: 3463)
  Rendered layout layouts/application.html.erb (Duration: 5.7ms | Allocations: 7245)
Completed 200 OK in 11ms (Views: 6.6ms | ActiveRecord: 0.4ms | Allocations: 14232)


Started POST "/posts" for 127.0.0.1 at 2023-06-11 20:01:35 -0300
Processing by PostsController#create as TURBO_STREAM
  Parameters: {"authenticity_token"=>"[FILTERED]", "post"=>{"title"=>"TO TRSITE😫", "summary"=>"", "content"=>"Não possuo \"namorada\" – necessário para sobreviver ao dia dos namorados – no momento, tornando-me num ser humano triste.", "feeling"=>"triste"}, "commit"=>"Submit"}
  [1m[36mUser Load (0.1ms)[0m  [1m[34mSELECT "users".* FROM "users" WHERE "users"."id" = ? ORDER BY "users"."id" ASC LIMIT ?[0m  [["id", 3], ["LIMIT", 1]]
  [1m[36mTRANSACTION (0.0ms)[0m  [1m[36mbegin transaction[0m
  ↳ app/controllers/posts_controller.rb:31:in `block in create'
  [1m[36mPost Create (0.3ms)[0m  [1m[32mINSERT INTO "posts" ("title", "user_id", "summary", "content", "feeling", "created_at", "updated_at", "time", "day") VALUES (?, ?, ?, ?, ?, ?, ?, ?, ?)[0m  [["title", "TO TRSITE😫"], ["user_id", 3], ["summary", ""], ["content", "Não possuo \"namorada\" – necessário para sobreviver ao dia dos namorados – no momento, tornando-me num ser humano triste."], ["feeling", "triste"], ["created_at", "2023-06-11 23:01:35.321586"], ["updated_at", "2023-06-11 23:01:35.321586"], ["time", nil], ["day", nil]]
  ↳ app/controllers/posts_controller.rb:31:in `block in create'
  [1m[36mTRANSACTION (0.5ms)[0m  [1m[36mcommit transaction[0m
  ↳ app/controllers/posts_controller.rb:31:in `block in create'
Redirected to http://127.0.0.1:3000/posts/3
Completed 302 Found in 23ms (ActiveRecord: 1.0ms | Allocations: 6840)


Started GET "/posts/3" for 127.0.0.1 at 2023-06-11 20:01:35 -0300
Processing by PostsController#show as TURBO_STREAM
  Parameters: {"id"=>"3"}
  [1m[36mUser Load (0.1ms)[0m  [1m[34mSELECT "users".* FROM "users" WHERE "users"."id" = ? ORDER BY "users"."id" ASC LIMIT ?[0m  [["id", 3], ["LIMIT", 1]]
  [1m[36mPost Load (0.1ms)[0m  [1m[34mSELECT "posts".* FROM "posts" WHERE "posts"."id" = ? LIMIT ?[0m  [["id", 3], ["LIMIT", 1]]
  ↳ app/controllers/posts_controller.rb:67:in `set_post'
  Rendering layout layouts/application.html.erb
  Rendering posts/show.html.erb within layouts/application
  Rendered posts/_post.html.erb (Duration: 1.1ms | Allocations: 804)
  Rendered posts/show.html.erb within layouts/application (Duration: 3.3ms | Allocations: 1564)
  Rendered layout layouts/application.html.erb (Duration: 5.8ms | Allocations: 5230)
Completed 200 OK in 9ms (Views: 6.1ms | ActiveRecord: 0.2ms | Allocations: 8236)


Started GET "/posts" for 127.0.0.1 at 2023-06-11 20:07:38 -0300
Processing by PostsController#index as HTML
  [1m[36mUser Load (0.3ms)[0m  [1m[34mSELECT "users".* FROM "users" WHERE "users"."id" = ? ORDER BY "users"."id" ASC LIMIT ?[0m  [["id", 3], ["LIMIT", 1]]
  Rendering layout layouts/application.html.erb
  Rendering posts/index.html.erb within layouts/application
  [1m[36mPost Load (0.2ms)[0m  [1m[34mSELECT "posts".* FROM "posts" WHERE "posts"."user_id" = ?[0m  [["user_id", 3]]
  ↳ app/views/posts/index.html.erb:20
  Rendered posts/_shortPost.html.erb (Duration: 6.1ms | Allocations: 615)
  Rendered posts/index.html.erb within layouts/application (Duration: 9.4ms | Allocations: 1782)
  Rendered layout layouts/application.html.erb (Duration: 24.0ms | Allocations: 5334)
Completed 200 OK in 35ms (Views: 26.0ms | ActiveRecord: 0.9ms | Allocations: 7422)


Started GET "/" for 127.0.0.1 at 2023-06-11 20:35:37 -0300
  [1m[36mActiveRecord::SchemaMigration Pluck (0.2ms)[0m  [1m[34mSELECT "schema_migrations"."version" FROM "schema_migrations" ORDER BY "schema_migrations"."version" ASC[0m
Processing by WelcomeController#index as HTML
  [1m[36mUser Load (0.4ms)[0m  [1m[34mSELECT "users".* FROM "users" WHERE "users"."id" = ? ORDER BY "users"."id" ASC LIMIT ?[0m  [["id", 3], ["LIMIT", 1]]
  ↳ app/controllers/welcome_controller.rb:3:in `index'
  [1m[36mPost Exists? (0.1ms)[0m  [1m[34mSELECT 1 AS one FROM "posts" WHERE "posts"."user_id" = ? LIMIT ?[0m  [["user_id", 3], ["LIMIT", 1]]
  ↳ app/controllers/welcome_controller.rb:4:in `index'
  Rendering layout layouts/application.html.erb
  Rendering welcome/index.html.erb within layouts/application
  Rendered welcome/index.html.erb within layouts/application (Duration: 1.6ms | Allocations: 1294)
  Rendered layout layouts/application.html.erb (Duration: 31.4ms | Allocations: 50318)
Completed 200 OK in 58ms (Views: 35.2ms | ActiveRecord: 0.9ms | Allocations: 67334)


Started GET "/users/edit" for 127.0.0.1 at 2023-06-11 20:35:45 -0300
Processing by Users::RegistrationsController#edit as HTML
  [1m[36mUser Load (0.1ms)[0m  [1m[34mSELECT "users".* FROM "users" WHERE "users"."id" = ? ORDER BY "users"."id" ASC LIMIT ?[0m  [["id", 3], ["LIMIT", 1]]
  Rendering layout layouts/application.html.erb
  Rendering users/registrations/edit.html.erb within layouts/application
  Rendered users/shared/_error_messages.html.erb (Duration: 0.8ms | Allocations: 255)
  Rendered users/registrations/_formEdit.html.erb (Duration: 6.5ms | Allocations: 5252)
  Rendered users/shared/_regular.html.erb (Duration: 7.0ms | Allocations: 5532)
  Rendered users/shared/_links.html.erb (Duration: 8.2ms | Allocations: 613)
  Rendered users/registrations/edit.html.erb within layouts/application (Duration: 16.0ms | Allocations: 6641)
  Rendered layout layouts/application.html.erb (Duration: 18.1ms | Allocations: 10403)
Completed 200 OK in 22ms (Views: 19.6ms | ActiveRecord: 0.1ms | Allocations: 13222)


Started DELETE "/users" for 127.0.0.1 at 2023-06-11 20:35:52 -0300
Processing by Users::RegistrationsController#destroy as TURBO_STREAM
  Parameters: {"authenticity_token"=>"[FILTERED]"}
  [1m[36mUser Load (0.1ms)[0m  [1m[34mSELECT "users".* FROM "users" WHERE "users"."id" = ? ORDER BY "users"."id" ASC LIMIT ?[0m  [["id", 3], ["LIMIT", 1]]
  [1m[36mTRANSACTION (0.0ms)[0m  [1m[36mbegin transaction[0m
  [1m[36mPost Load (1.0ms)[0m  [1m[34mSELECT "posts".* FROM "posts" WHERE "posts"."user_id" = ?[0m  [["user_id", 3]]
  [1m[36mPost Destroy (1.0ms)[0m  [1m[31mDELETE FROM "posts" WHERE "posts"."id" = ?[0m  [["id", 3]]
  [1m[36mUser Destroy (0.3ms)[0m  [1m[31mDELETE FROM "users" WHERE "users"."id" = ?[0m  [["id", 3]]
  [1m[36mTRANSACTION (0.5ms)[0m  [1m[36mcommit transaction[0m
Redirected to http://127.0.0.1:3000/
Completed 303 See Other in 14ms (ActiveRecord: 3.0ms | Allocations: 14522)


Started GET "/" for 127.0.0.1 at 2023-06-11 20:35:52 -0300
Processing by WelcomeController#index as TURBO_STREAM
  Rendering layout layouts/application.html.erb
  Rendering welcome/index.html.erb within layouts/application
  Rendered welcome/index.html.erb within layouts/application (Duration: 0.6ms | Allocations: 738)
  Rendered layout layouts/application.html.erb (Duration: 2.5ms | Allocations: 4336)
Completed 200 OK in 4ms (Views: 2.7ms | ActiveRecord: 0.0ms | Allocations: 5061)


